E:\master\D2MH\codes\utilities\GCMex\GCMex_parallel\GCMex_parallel\x64\Debug\cl.command.1.tlog
E:\master\D2MH\codes\utilities\GCMex\GCMex_parallel\GCMex_parallel\x64\Debug\CL.read.1.tlog
E:\master\D2MH\codes\utilities\GCMex\GCMex_parallel\GCMex_parallel\x64\Debug\CL.write.1.tlog
E:\MASTER\D2MH\CODES\UTILITIES\GCMEX\GCMEX_PARALLEL\GCMEX_PARALLEL\X64\DEBUG\GCMEX_PARALLEL.MEXW64.EMBED.MANIFEST
E:\MASTER\D2MH\CODES\UTILITIES\GCMEX\GCMEX_PARALLEL\GCMEX_PARALLEL\X64\DEBUG\GCMEX_PARALLEL.MEXW64.EMBED.MANIFEST.RES
E:\MASTER\D2MH\CODES\UTILITIES\GCMEX\GCMEX_PARALLEL\GCMEX_PARALLEL\X64\DEBUG\GCMEX_PARALLEL.MEXW64.INTERMEDIATE.MANIFEST
E:\MASTER\D2MH\CODES\UTILITIES\GCMEX\GCMEX_PARALLEL\GCMEX_PARALLEL\X64\DEBUG\GCMEX_PARALLEL.OBJ
E:\MASTER\D2MH\CODES\UTILITIES\GCMEX\GCMEX_PARALLEL\GCMEX_PARALLEL\X64\DEBUG\GCMEX_PARALLEL.PCH
E:\MASTER\D2MH\CODES\UTILITIES\GCMEX\GCMEX_PARALLEL\GCMEX_PARALLEL\X64\DEBUG\GCMEX_PARALLEL.RES
E:\master\D2MH\codes\utilities\GCMex\GCMex_parallel\GCMex_parallel\x64\Debug\GCMex_parallel.vcxprojResolveAssemblyReference.cache
E:\master\D2MH\codes\utilities\GCMex\GCMex_parallel\GCMex_parallel\x64\Debug\GCMex_parallel.write.1.tlog
E:\master\D2MH\codes\utilities\GCMex\GCMex_parallel\GCMex_parallel\x64\Debug\GCMex_parallel_manifest.rc
E:\master\D2MH\codes\utilities\GCMex\GCMex_parallel\GCMex_parallel\x64\Debug\link.1132.read.1.tlog
E:\master\D2MH\codes\utilities\GCMex\GCMex_parallel\GCMex_parallel\x64\Debug\link.1132.write.1.tlog
E:\master\D2MH\codes\utilities\GCMex\GCMex_parallel\GCMex_parallel\x64\Debug\link.1132-cvtres.read.1.tlog
E:\master\D2MH\codes\utilities\GCMex\GCMex_parallel\GCMex_parallel\x64\Debug\link.1132-cvtres.write.1.tlog
E:\master\D2MH\codes\utilities\GCMex\GCMex_parallel\GCMex_parallel\x64\Debug\link.command.1.tlog
E:\master\D2MH\codes\utilities\GCMex\GCMex_parallel\GCMex_parallel\x64\Debug\link.read.1.tlog
E:\master\D2MH\codes\utilities\GCMex\GCMex_parallel\GCMex_parallel\x64\Debug\link.write.1.tlog
E:\master\D2MH\codes\utilities\GCMex\GCMex_parallel\GCMex_parallel\x64\Debug\link-cvtres.read.1.tlog
E:\master\D2MH\codes\utilities\GCMex\GCMex_parallel\GCMex_parallel\x64\Debug\link-cvtres.write.1.tlog
E:\master\D2MH\codes\utilities\GCMex\GCMex_parallel\GCMex_parallel\x64\Debug\mt.command.1.tlog
E:\master\D2MH\codes\utilities\GCMex\GCMex_parallel\GCMex_parallel\x64\Debug\mt.read.1.tlog
E:\master\D2MH\codes\utilities\GCMex\GCMex_parallel\GCMex_parallel\x64\Debug\mt.write.1.tlog
E:\master\D2MH\codes\utilities\GCMex\GCMex_parallel\GCMex_parallel\x64\Debug\rc.command.1.tlog
E:\master\D2MH\codes\utilities\GCMex\GCMex_parallel\GCMex_parallel\x64\Debug\rc.read.1.tlog
E:\master\D2MH\codes\utilities\GCMex\GCMex_parallel\GCMex_parallel\x64\Debug\rc.write.1.tlog
E:\MASTER\D2MH\CODES\UTILITIES\GCMEX\GCMEX_PARALLEL\GCMEX_PARALLEL\X64\DEBUG\STDAFX.OBJ
E:\master\D2MH\codes\utilities\GCMex\GCMex_parallel\GCMex_parallel\x64\Debug\vc100.idb
E:\MASTER\D2MH\CODES\UTILITIES\GCMEX\GCMEX_PARALLEL\GCMEX_PARALLEL\X64\DEBUG\VC100.PDB
E:\master\D2MH\codes\utilities\GCMex\GCMex_parallel\x64\Debug\GCMex_parallel.exp
E:\MASTER\D2MH\CODES\UTILITIES\GCMEX\GCMEX_PARALLEL\X64\DEBUG\GCMEX_PARALLEL.ILK
E:\master\D2MH\codes\utilities\GCMex\GCMex_parallel\x64\Debug\GCMex_parallel.lib
E:\MASTER\D2MH\CODES\UTILITIES\GCMEX\GCMEX_PARALLEL\X64\DEBUG\GCMEX_PARALLEL.MEXW64
E:\MASTER\D2MH\CODES\UTILITIES\GCMEX\GCMEX_PARALLEL\X64\DEBUG\GCMEX_PARALLEL.PDB
